<?xml version="1.0" encoding="UTF-8"?>
<!-- Generated by org.testng.reporters.JUnitXMLReporter -->
<testsuite ignored="0" hostname="sergio_rm13" failures="0" tests="2" name="Error Validations Test" time="10.769" errors="0" timestamp="2024-11-18T18:58:45 CET">
  <testcase classname="rahulshettyacademy.tests.ErrorValidationsTest" name="LoginErrorValidation" time="0.941"/>
  <testcase classname="rahulshettyacademy.tests.ErrorValidationsTest" name="ProductErrorValidation" time="2.346"/>
</testsuite> <!-- Error Validations Test -->
